[debug] [2023-04-12T17:45:40.913Z] ----------------------------------------------------------------------
[debug] [2023-04-12T17:45:40.915Z] Command:       C:\Program Files\nodejs\node.exe C:\Users\Usuario\AppData\Roaming\npm\node_modules\firebase-tools\lib\bin\firebase.js login
[debug] [2023-04-12T17:45:40.916Z] CLI Version:   11.26.0
[debug] [2023-04-12T17:45:40.916Z] Platform:      win32
[debug] [2023-04-12T17:45:40.916Z] Node Version:  v16.15.0
[debug] [2023-04-12T17:45:40.917Z] Time:          Wed Apr 12 2023 19:45:40 GMT+0200 (hora de verano de Europa central)
[debug] [2023-04-12T17:45:40.917Z] ----------------------------------------------------------------------
[debug] 
[info] i  Firebase optionally collects CLI and Emulator Suite usage and error reporting information to help improve our products. Data is collected in accordance with Google's privacy policy (https://policies.google.com/privacy) and is not used to identify you.
 
[info] i  To change your data collection preference at any time, run `firebase logout` and log in again. 
[info] 
[info] Visit this URL on this device to log in:
[info] https://accounts.google.com/o/oauth2/auth?client_id=563584335869-fgrhgmd47bqnekij5i8b5pr03ho849e6.apps.googleusercontent.com&scope=email%20openid%20https%3A%2F%2Fwww.googleapis.com%2Fauth%2Fcloudplatformprojects.readonly%20https%3A%2F%2Fwww.googleapis.com%2Fauth%2Ffirebase%20https%3A%2F%2Fwww.googleapis.com%2Fauth%2Fcloud-platform&response_type=code&state=902574438&redirect_uri=http%3A%2F%2Flocalhost%3A9005
[info] 
[info] Waiting for authentication...
[debug] [2023-04-12T17:48:58.414Z] ----------------------------------------------------------------------
[debug] [2023-04-12T17:48:58.416Z] Command:       C:\Program Files\nodejs\node.exe C:\Users\Usuario\AppData\Roaming\npm\node_modules\firebase-tools\lib\bin\firebase.js login
[debug] [2023-04-12T17:48:58.416Z] CLI Version:   11.26.0
[debug] [2023-04-12T17:48:58.416Z] Platform:      win32
[debug] [2023-04-12T17:48:58.416Z] Node Version:  v16.15.0
[debug] [2023-04-12T17:48:58.418Z] Time:          Wed Apr 12 2023 19:48:58 GMT+0200 (hora de verano de Europa central)
[debug] [2023-04-12T17:48:58.418Z] ----------------------------------------------------------------------
[debug] 
[info] i  Firebase optionally collects CLI and Emulator Suite usage and error reporting information to help improve our products. Data is collected in accordance with Google's privacy policy (https://policies.google.com/privacy) and is not used to identify you.
 
[info] i  To change your data collection preference at any time, run `firebase logout` and log in again. 
[info] 
[info] Visit this URL on this device to log in:
[info] https://accounts.google.com/o/oauth2/auth?client_id=563584335869-fgrhgmd47bqnekij5i8b5pr03ho849e6.apps.googleusercontent.com&scope=email%20openid%20https%3A%2F%2Fwww.googleapis.com%2Fauth%2Fcloudplatformprojects.readonly%20https%3A%2F%2Fwww.googleapis.com%2Fauth%2Ffirebase%20https%3A%2F%2Fwww.googleapis.com%2Fauth%2Fcloud-platform&response_type=code&state=170940836&redirect_uri=http%3A%2F%2Flocalhost%3A9005
[info] 
[info] Waiting for authentication...
